[handleMsg]:  {
  key: {
    remoteJid: '51921064704@s.whatsapp.net',
    fromMe: false,
    id: 'B7663A32D4FA6F925A',
    participant: undefined
  },
  messageTimestamp: 1719291155,
  pushName: 'Giovanni',
  broadcast: false,
  message: Message {
    extendedTextMessage: ExtendedTextMessage { text: 'menu', contextInfo: [ContextInfo] },
    messageContextInfo: MessageContextInfo {
      deviceListMetadata: [DeviceListMetadata],
      deviceListMetadataVersion: 2
    }
  },
  body: 'menu',
  from: '51921064704'
}
[QUEUE_SE_ENVIO]:  {
  ref: 'ans_d1985328-9279-405c-8d17-4a3c421b3474',
  keyword: 'key_148a3f5c-a35f-4fc0-ae1c-910eb654e4d8',
  answer: 'Elegir una de estás opciones:\r\n' +
    '\r\n' +
    'Opción 1 - Menu\r\n' +
    'Opción 2 - Consultas\r\n' +
    'Opción 3 - Comprar\r\n' +
    '\r\n' +
    '\r\n' +
    'Opción 0 - Salir',
  options: {
    media: null,
    buttons: [],
    capture: true,
    child: null,
    delay: 0,
    idle: null,
    ref: null,
    nested: [],
    keyword: {},
    callback: true
  },
  refSerialize: '074b608156b1205e6e5d7c6897ec8c90'
}
[handleMsg]:  {
  key: {
    remoteJid: '51921064704@s.whatsapp.net',
    fromMe: false,
    id: '8E7A3908F308D530D2',
    participant: undefined
  },
  messageTimestamp: 1719291160,
  pushName: 'Giovanni',
  broadcast: false,
  message: Message {
    extendedTextMessage: ExtendedTextMessage { text: '2', contextInfo: [ContextInfo] },
    messageContextInfo: MessageContextInfo {
      deviceListMetadata: [DeviceListMetadata],
      deviceListMetadataVersion: 2
    }
  },
  body: '2',
  from: '51921064704'
}
[handleMsg]:  {
  key: {
    remoteJid: '51921064704@s.whatsapp.net',
    fromMe: false,
    id: 'DA43913878D8043BD5',
    participant: undefined
  },
  messageTimestamp: 1719291172,
  pushName: 'Giovanni',
  broadcast: false,
  message: Message {
    extendedTextMessage: ExtendedTextMessage {
      text: 'como te llamas',
      contextInfo: [ContextInfo]
    },
    messageContextInfo: MessageContextInfo {
      deviceListMetadata: [DeviceListMetadata],
      deviceListMetadataVersion: 2
    }
  },
  body: 'como te llamas',
  from: '51921064704'
}
